WARNING: A restricted method in java.lang.System has been called
WARNING: java.lang.System::load has been called by net.rubygrapefruit.platform.internal.NativeLibraryLoader in an unnamed module (file:/C:/Users/kanax/.gradle/wrapper/dists/gradle-8.14-bin/38aieal9i53h9rfe7vjup95b9/gradle-8.14/lib/native-platform-0.22-milestone-28.jar)
WARNING: Use --enable-native-access=ALL-UNNAMED to avoid a warning for callers in this module
WARNING: Restricted methods will be blocked in a future release unless native access is enabled


> Configure project :
Fabric Loom: 1.13.3
Project directory 'C:\Users\kanax\OneDrive\Desktop\Shoreline' is located in OneDrive. This is known to cause issues and slower performance. Consider moving the project to a different location.
fatal: not a git repository (or any of the parent directories): .git

> Task :generateBuildConfig
> Task :compileJava
> Task :processResources
> Task :classes
> Task :generateLog4jConfig
> Task :generateRemapClasspath
> Task :generateDLIConfig
> Task :configureLaunch
> Task :downloadAssets
> Task :configureClientLaunch

> Task :runClient
[16:08:08] [main/INFO] (FabricLoader/GameProvider) Loading Minecraft 1.21.1 with Fabric Loader 0.16.0
[16:08:09] [main/INFO] (FabricLoader) Loading 55 mods:
	- fabric-api 0.102.1+1.21.1
	- fabric-api-base 0.4.42+6573ed8c6a
	- fabric-api-lookup-api-v1 1.6.68+b55973446a
	- fabric-biome-api-v1 13.0.29+5bd9f1bc6a
	- fabric-block-api-v1 1.0.22+0af3f5a76a
	- fabric-block-view-api-v2 1.0.10+6573ed8c6a
	- fabric-blockrenderlayer-v1 1.1.52+0af3f5a76a
	- fabric-client-tags-api-v1 1.1.15+6573ed8c6a
	- fabric-command-api-v1 1.2.49+f71b366f6a
	- fabric-command-api-v2 2.2.28+6ced4dd96a
	- fabric-commands-v0 0.2.66+df3654b36a
	- fabric-content-registries-v0 8.0.16+b55973446a
	- fabric-convention-tags-v1 2.0.20+7f945d5b6a
	- fabric-convention-tags-v2 2.6.0+605f22ad6a
	- fabric-crash-report-info-v1 0.2.29+0af3f5a76a
	- fabric-data-attachment-api-v1 1.1.27+1daea2156a
	- fabric-data-generation-api-v1 20.2.17+16c4ae256a
	- fabric-dimensions-v1 4.0.0+6fc22b996a
	- fabric-entity-events-v1 1.6.12+6fc22b996a
	- fabric-events-interaction-v0 0.7.12+ba9dae066a
	- fabric-game-rule-api-v1 1.0.53+6ced4dd96a
	- fabric-gametest-api-v1 2.0.4+6fc22b996a
	- fabric-item-api-v1 11.0.0+afdfc9216a
	- fabric-item-group-api-v1 4.1.4+780172706a
	- fabric-key-binding-api-v1 1.0.47+0af3f5a76a
	- fabric-keybindings-v0 0.2.45+df3654b36a
	- fabric-lifecycle-events-v1 2.3.12+6c1df3606a
	- fabric-loot-api-v2 3.0.14+3f89f5a56a
	- fabric-loot-api-v3 1.0.2+3f89f5a56a
	- fabric-message-api-v1 6.0.13+6573ed8c6a
	- fabric-model-loading-api-v1 2.0.0+fe474d6b6a
	- fabric-networking-api-v1 4.2.2+60c3209b6a
	- fabric-object-builder-api-v1 15.2.0+40875a936a
	- fabric-particles-v1 4.0.2+6573ed8c6a
	- fabric-recipe-api-v1 5.0.12+650897126a
	- fabric-registry-sync-v0 5.1.2+60c3209b6a
	- fabric-renderer-api-v1 3.4.0+c705a49c6a
	- fabric-renderer-indigo 1.7.0+c705a49c6a
	- fabric-renderer-registries-v1 3.2.68+df3654b36a
	- fabric-rendering-data-attachment-v1 0.3.48+73761d2e6a
	- fabric-rendering-fluids-v1 3.1.6+1daea2156a
	- fabric-rendering-v0 1.1.71+df3654b36a
	- fabric-rendering-v1 5.0.5+df16efd06a
	- fabric-resource-conditions-api-v1 4.3.0+8dc279b16a
	- fabric-resource-loader-v0 1.3.0+565991296a
	- fabric-screen-api-v1 2.0.25+8b68f1c76a
	- fabric-screen-handler-api-v1 1.3.86+b55973446a
	- fabric-sound-api-v1 1.0.23+6573ed8c6a
	- fabric-transfer-api-v1 5.1.17+1db1cc1f6a
	- fabric-transitive-access-wideners-v1 6.1.0+1daea2156a
	- fabricloader 0.16.0
	- java 24
	- minecraft 1.21.1
	- mixinextras 0.5.4
	- shoreline 1.0
[16:08:09] [main/INFO] (FabricLoader/Mixin) SpongePowered MIXIN Subsystem Version=0.8.7 Source=file:/C:/Users/kanax/.gradle/caches/modules-2/files-2.1/net.fabricmc/sponge-mixin/0.15.0+mixin.0.8.7/2ce1c5d57a061f3e259ec30b8b0cb2dc889c5156/sponge-mixin-0.15.0+mixin.0.8.7.jar Service=Knot/Fabric Env=CLIENT
[16:08:10] [main/INFO] (FabricLoader/Mixin) Loaded Fabric development mappings for mixin remapper!
[16:08:10] [main/INFO] (FabricLoader/Mixin) Compatibility level set to JAVA_17
[16:08:10] [main/INFO] (FabricLoader/Mixin) Compatibility level set to JAVA_21
[16:08:12] [main/WARN] (FabricLoader/Mixin) Error loading class: java/util/Map$Entry (java.lang.IllegalArgumentException: Unsupported class file major version 68)
[16:08:12] [main/WARN] (FabricLoader/Mixin) Error loading class: java/lang/invoke/MethodHandles$Lookup (java.lang.IllegalArgumentException: Unsupported class file major version 68)
[16:08:12] [main/WARN] (FabricLoader/Mixin) Error loading class: java/lang/invoke/MethodHandles$Lookup (java.lang.IllegalArgumentException: Unsupported class file major version 68)
[16:08:12] [main/WARN] (FabricLoader/Mixin) Error loading class: java/lang/invoke/MethodHandles$Lookup (java.lang.IllegalArgumentException: Unsupported class file major version 68)
[16:08:12] [main/WARN] (FabricLoader/Mixin) Error loading class: java/lang/invoke/MethodHandles$Lookup (java.lang.IllegalArgumentException: Unsupported class file major version 68)
[16:08:12] [main/WARN] (FabricLoader/Mixin) Error loading class: java/lang/invoke/MethodHandles$Lookup (java.lang.IllegalArgumentException: Unsupported class file major version 68)
[16:08:12] [main/WARN] (FabricLoader/Mixin) Error loading class: java/util/Map$Entry (java.lang.IllegalArgumentException: Unsupported class file major version 68)
[16:08:12] [main/WARN] (FabricLoader/Mixin) Error loading class: java/lang/invoke/MethodHandles$Lookup (java.lang.IllegalArgumentException: Unsupported class file major version 68)
[16:08:12] [main/WARN] (FabricLoader/Mixin) Error loading class: java/lang/invoke/MethodHandles$Lookup (java.lang.IllegalArgumentException: Unsupported class file major version 68)
[16:08:12] [main/WARN] (FabricLoader/Mixin) Error loading class: java/lang/invoke/MethodHandles$Lookup (java.lang.IllegalArgumentException: Unsupported class file major version 68)
[16:08:12] [main/WARN] (FabricLoader/Mixin) Error loading class: java/util/Map$Entry (java.lang.IllegalArgumentException: Unsupported class file major version 68)
[16:08:12] [main/WARN] (FabricLoader/Mixin) Error loading class: java/lang/invoke/MethodHandles$Lookup (java.lang.IllegalArgumentException: Unsupported class file major version 68)
[16:08:12] [main/WARN] (FabricLoader/Mixin) Error loading class: java/lang/invoke/MethodHandles$Lookup (java.lang.IllegalArgumentException: Unsupported class file major version 68)
[16:08:12] [main/WARN] (FabricLoader/Mixin) Error loading class: java/lang/invoke/MethodHandles$Lookup (java.lang.IllegalArgumentException: Unsupported class file major version 68)
[16:08:12] [main/WARN] (FabricLoader/Mixin) Error loading class: java/lang/invoke/MethodHandles$Lookup (java.lang.IllegalArgumentException: Unsupported class file major version 68)
[16:08:12] [main/WARN] (FabricLoader/Mixin) Error loading class: java/lang/invoke/MethodHandles$Lookup (java.lang.IllegalArgumentException: Unsupported class file major version 68)
[16:08:12] [main/WARN] (FabricLoader/Mixin) Error loading class: java/lang/invoke/MethodHandles$Lookup (java.lang.IllegalArgumentException: Unsupported class file major version 68)
[16:08:12] [main/WARN] (FabricLoader/Mixin) Error loading class: java/lang/invoke/MethodHandles$Lookup (java.lang.IllegalArgumentException: Unsupported class file major version 68)
[16:08:12] [main/WARN] (FabricLoader/Mixin) Error loading class: java/lang/invoke/MethodHandles$Lookup (java.lang.IllegalArgumentException: Unsupported class file major version 68)
[16:08:12] [main/WARN] (FabricLoader/Mixin) Error loading class: java/lang/invoke/MethodHandles$Lookup (java.lang.IllegalArgumentException: Unsupported class file major version 68)
[16:08:12] [main/WARN] (FabricLoader/Mixin) Error loading class: java/lang/invoke/MethodHandles$Lookup (java.lang.IllegalArgumentException: Unsupported class file major version 68)
[16:08:12] [main/WARN] (FabricLoader/Mixin) Error loading class: java/lang/invoke/MethodHandles$Lookup (java.lang.IllegalArgumentException: Unsupported class file major version 68)
[16:08:12] [main/WARN] (FabricLoader/Mixin) Error loading class: java/lang/invoke/MethodHandles$Lookup (java.lang.IllegalArgumentException: Unsupported class file major version 68)
[16:08:12] [main/WARN] (FabricLoader/Mixin) Error loading class: java/lang/invoke/MethodHandles$Lookup (java.lang.IllegalArgumentException: Unsupported class file major version 68)
[16:08:12] [main/WARN] (FabricLoader/Mixin) Error loading class: java/lang/invoke/MethodHandles$Lookup (java.lang.IllegalArgumentException: Unsupported class file major version 68)
[16:08:12] [main/WARN] (FabricLoader/Mixin) Error loading class: java/lang/invoke/MethodHandles$Lookup (java.lang.IllegalArgumentException: Unsupported class file major version 68)
[16:08:12] [main/WARN] (FabricLoader/Mixin) Error loading class: java/lang/invoke/MethodHandles$Lookup (java.lang.IllegalArgumentException: Unsupported class file major version 68)
[16:08:12] [main/WARN] (FabricLoader/Mixin) Error loading class: java/lang/invoke/MethodHandles$Lookup (java.lang.IllegalArgumentException: Unsupported class file major version 68)
[16:08:12] [main/WARN] (FabricLoader/Mixin) Error loading class: java/lang/invoke/MethodHandles$Lookup (java.lang.IllegalArgumentException: Unsupported class file major version 68)
[16:08:12] [main/WARN] (FabricLoader/Mixin) Error loading class: java/util/Map$Entry (java.lang.IllegalArgumentException: Unsupported class file major version 68)
[16:08:12] [main/WARN] (FabricLoader/Mixin) Error loading class: java/lang/invoke/MethodHandles$Lookup (java.lang.IllegalArgumentException: Unsupported class file major version 68)
[16:08:12] [main/WARN] (FabricLoader/Mixin) Error loading class: java/lang/invoke/MethodHandles$Lookup (java.lang.IllegalArgumentException: Unsupported class file major version 68)
[16:08:12] [main/WARN] (FabricLoader/Mixin) Error loading class: java/lang/invoke/MethodHandles$Lookup (java.lang.IllegalArgumentException: Unsupported class file major version 68)
[16:08:12] [main/WARN] (FabricLoader/Mixin) Error loading class: java/lang/invoke/MethodHandles$Lookup (java.lang.IllegalArgumentException: Unsupported class file major version 68)
[16:08:12] [main/WARN] (FabricLoader/Mixin) Error loading class: java/lang/invoke/MethodHandles$Lookup (java.lang.IllegalArgumentException: Unsupported class file major version 68)
[16:08:12] [main/WARN] (FabricLoader/Mixin) Error loading class: java/lang/invoke/MethodHandles$Lookup (java.lang.IllegalArgumentException: Unsupported class file major version 68)
[16:08:12] [main/WARN] (FabricLoader/Mixin) Error loading class: java/lang/invoke/MethodHandles$Lookup (java.lang.IllegalArgumentException: Unsupported class file major version 68)
[16:08:12] [main/WARN] (FabricLoader/Mixin) Error loading class: java/lang/invoke/MethodHandles$Lookup (java.lang.IllegalArgumentException: Unsupported class file major version 68)
[16:08:12] [main/WARN] (FabricLoader/Mixin) Error loading class: java/lang/invoke/MethodHandles$Lookup (java.lang.IllegalArgumentException: Unsupported class file major version 68)
[16:08:12] [main/WARN] (FabricLoader/Mixin) Error loading class: java/lang/invoke/MethodHandles$Lookup (java.lang.IllegalArgumentException: Unsupported class file major version 68)
[16:08:12] [main/WARN] (FabricLoader/Mixin) Error loading class: java/lang/invoke/MethodHandles$Lookup (java.lang.IllegalArgumentException: Unsupported class file major version 68)
[16:08:12] [main/WARN] (FabricLoader/Mixin) Error loading class: java/util/Map$Entry (java.lang.IllegalArgumentException: Unsupported class file major version 68)
[16:08:12] [main/WARN] (FabricLoader/Mixin) Error loading class: java/lang/invoke/MethodHandles$Lookup (java.lang.IllegalArgumentException: Unsupported class file major version 68)
[16:08:12] [main/WARN] (FabricLoader/Mixin) Error loading class: java/lang/invoke/MethodHandles$Lookup (java.lang.IllegalArgumentException: Unsupported class file major version 68)
[16:08:12] [main/WARN] (FabricLoader/Mixin) Error loading class: java/lang/invoke/MethodHandles$Lookup (java.lang.IllegalArgumentException: Unsupported class file major version 68)
[16:08:12] [main/WARN] (FabricLoader/Mixin) Error loading class: java/lang/invoke/MethodHandles$Lookup (java.lang.IllegalArgumentException: Unsupported class file major version 68)
[16:08:12] [main/WARN] (FabricLoader/Mixin) Error loading class: java/lang/invoke/MethodHandles$Lookup (java.lang.IllegalArgumentException: Unsupported class file major version 68)
[16:08:12] [main/WARN] (FabricLoader/Mixin) Error loading class: java/lang/invoke/MethodHandles$Lookup (java.lang.IllegalArgumentException: Unsupported class file major version 68)
[16:08:12] [main/WARN] (FabricLoader/Mixin) Error loading class: java/lang/invoke/MethodHandles$Lookup (java.lang.IllegalArgumentException: Unsupported class file major version 68)
[16:08:12] [main/WARN] (FabricLoader/Mixin) Error loading class: java/lang/invoke/MethodHandles$Lookup (java.lang.IllegalArgumentException: Unsupported class file major version 68)
[16:08:12] [main/WARN] (FabricLoader/Mixin) Error loading class: java/lang/invoke/MethodHandles$Lookup (java.lang.IllegalArgumentException: Unsupported class file major version 68)
[16:08:12] [main/WARN] (FabricLoader/Mixin) Error loading class: java/lang/invoke/MethodHandles$Lookup (java.lang.IllegalArgumentException: Unsupported class file major version 68)
[16:08:12] [main/WARN] (FabricLoader/Mixin) Error loading class: java/lang/invoke/MethodHandles$Lookup (java.lang.IllegalArgumentException: Unsupported class file major version 68)
[16:08:12] [main/WARN] (FabricLoader/Mixin) Error loading class: java/lang/invoke/MethodHandles$Lookup (java.lang.IllegalArgumentException: Unsupported class file major version 68)
[16:08:12] [main/WARN] (FabricLoader/Mixin) Error loading class: java/lang/invoke/MethodHandles$Lookup (java.lang.IllegalArgumentException: Unsupported class file major version 68)
[16:08:12] [main/WARN] (FabricLoader/Mixin) Error loading class: java/lang/invoke/MethodHandles$Lookup (java.lang.IllegalArgumentException: Unsupported class file major version 68)
[16:08:12] [main/WARN] (FabricLoader/Mixin) Error loading class: java/lang/invoke/MethodHandles$Lookup (java.lang.IllegalArgumentException: Unsupported class file major version 68)
[16:08:12] [main/WARN] (FabricLoader/Mixin) Error loading class: java/lang/invoke/MethodHandles$Lookup (java.lang.IllegalArgumentException: Unsupported class file major version 68)
[16:08:12] [main/WARN] (FabricLoader/Mixin) Error loading class: java/lang/invoke/MethodHandles$Lookup (java.lang.IllegalArgumentException: Unsupported class file major version 68)
[16:08:12] [main/WARN] (FabricLoader/Mixin) Error loading class: java/lang/invoke/MethodHandles$Lookup (java.lang.IllegalArgumentException: Unsupported class file major version 68)
[16:08:12] [main/WARN] (FabricLoader/Mixin) Error loading class: java/lang/invoke/MethodHandles$Lookup (java.lang.IllegalArgumentException: Unsupported class file major version 68)
[16:08:12] [main/WARN] (FabricLoader/Mixin) Error loading class: java/util/Map$Entry (java.lang.IllegalArgumentException: Unsupported class file major version 68)
[16:08:12] [main/WARN] (FabricLoader/Mixin) Error loading class: java/lang/invoke/MethodHandles$Lookup (java.lang.IllegalArgumentException: Unsupported class file major version 68)
[16:08:12] [main/WARN] (FabricLoader/Mixin) Error loading class: java/lang/invoke/MethodHandles$Lookup (java.lang.IllegalArgumentException: Unsupported class file major version 68)
[16:08:12] [main/WARN] (FabricLoader/Mixin) Error loading class: java/lang/invoke/MethodHandles$Lookup (java.lang.IllegalArgumentException: Unsupported class file major version 68)
[16:08:12] [main/WARN] (FabricLoader/Mixin) Error loading class: java/lang/invoke/MethodHandles$Lookup (java.lang.IllegalArgumentException: Unsupported class file major version 68)
[16:08:12] [main/WARN] (FabricLoader/Mixin) Error loading class: java/lang/invoke/MethodHandles$Lookup (java.lang.IllegalArgumentException: Unsupported class file major version 68)
[16:08:12] [main/WARN] (FabricLoader/Mixin) Error loading class: java/util/Map$Entry (java.lang.IllegalArgumentException: Unsupported class file major version 68)
[16:08:12] [main/WARN] (FabricLoader/Mixin) Error loading class: java/lang/invoke/MethodHandles$Lookup (java.lang.IllegalArgumentException: Unsupported class file major version 68)
[16:08:12] [main/WARN] (FabricLoader/Mixin) Error loading class: java/lang/invoke/MethodHandles$Lookup (java.lang.IllegalArgumentException: Unsupported class file major version 68)
[16:08:12] [main/WARN] (FabricLoader/Mixin) Error loading class: java/lang/invoke/MethodHandles$Lookup (java.lang.IllegalArgumentException: Unsupported class file major version 68)
[16:08:12] [main/WARN] (FabricLoader/Mixin) Error loading class: java/lang/invoke/MethodHandles$Lookup (java.lang.IllegalArgumentException: Unsupported class file major version 68)
[16:08:12] [main/WARN] (FabricLoader/Mixin) Error loading class: java/lang/invoke/MethodHandles$Lookup (java.lang.IllegalArgumentException: Unsupported class file major version 68)
[16:08:12] [main/WARN] (FabricLoader/Mixin) Error loading class: java/lang/invoke/MethodHandles$Lookup (java.lang.IllegalArgumentException: Unsupported class file major version 68)
[16:08:12] [main/INFO] (FabricLoader/MixinExtras|Service) Initializing MixinExtras via com.llamalad7.mixinextras.service.MixinExtrasServiceImpl(version=0.5.4).
[16:08:12] [main/WARN] (FabricLoader/Mixin) Error loading class: java/lang/System (java.lang.IllegalArgumentException: Unsupported class file major version 68)
[16:08:12] [main/ERROR] (FabricLoader) Uncaught exception in thread "main"
java.lang.RuntimeException: Mixin transformation of net.minecraft.client.main.Main failed
	at net.fabricmc.loader.impl.launch.knot.KnotClassDelegate.getPostMixinClassByteArray(KnotClassDelegate.java:427) ~[fabric-loader-0.16.0.jar:?]
	at net.fabricmc.loader.impl.launch.knot.KnotClassDelegate.tryLoadClass(KnotClassDelegate.java:323) ~[fabric-loader-0.16.0.jar:?]
	at net.fabricmc.loader.impl.launch.knot.KnotClassDelegate.loadClass(KnotClassDelegate.java:218) ~[fabric-loader-0.16.0.jar:?]
	at net.fabricmc.loader.impl.launch.knot.KnotClassLoader.loadClass(KnotClassLoader.java:119) ~[fabric-loader-0.16.0.jar:?]
	at java.base/java.lang.ClassLoader.loadClass(ClassLoader.java:490) ~[?:?]
	at net.fabricmc.loader.impl.game.minecraft.MinecraftGameProvider.launch(MinecraftGameProvider.java:473) ~[fabric-loader-0.16.0.jar:?]
	at net.fabricmc.loader.impl.launch.knot.Knot.launch(Knot.java:74) ~[fabric-loader-0.16.0.jar:?]
	at net.fabricmc.loader.impl.launch.knot.KnotClient.main(KnotClient.java:23) ~[fabric-loader-0.16.0.jar:?]
	at net.fabricmc.devlaunchinjector.Main.main(Main.java:86) ~[dev-launch-injector-0.2.1+build.8.jar:?]
Caused by: org.spongepowered.asm.mixin.transformer.throwables.MixinTransformerError: An unexpected critical error was encountered
	at org.spongepowered.asm.mixin.transformer.MixinProcessor.applyMixins(MixinProcessor.java:392) ~[sponge-mixin-0.15.0+mixin.0.8.7.jar:0.15.0+mixin.0.8.7]
	at org.spongepowered.asm.mixin.transformer.MixinTransformer.transformClass(MixinTransformer.java:234) ~[sponge-mixin-0.15.0+mixin.0.8.7.jar:0.15.0+mixin.0.8.7]
	at org.spongepowered.asm.mixin.transformer.MixinTransformer.transformClassBytes(MixinTransformer.java:202) ~[sponge-mixin-0.15.0+mixin.0.8.7.jar:0.15.0+mixin.0.8.7]
	at net.fabricmc.loader.impl.launch.knot.KnotClassDelegate.getPostMixinClassByteArray(KnotClassDelegate.java:422) ~[fabric-loader-0.16.0.jar:?]
	... 8 more
Caused by: org.spongepowered.asm.mixin.transformer.throwables.MixinPreProcessorException: Attach error for mixins.shoreline.json:MixinMain from mod shoreline during activity: [Transform -> Method hookStaticInit(Ljava/lang/String;Ljava/lang/String;)Ljava/lang/String; -> INVOKESTATIC -> java/lang/System::setProperty:(Ljava/lang/String;Ljava/lang/String;)Ljava/lang/String;]
	at org.spongepowered.asm.mixin.transformer.MixinPreProcessorStandard.attach(MixinPreProcessorStandard.java:313) ~[sponge-mixin-0.15.0+mixin.0.8.7.jar:0.15.0+mixin.0.8.7]
	at org.spongepowered.asm.mixin.transformer.MixinPreProcessorStandard.createContextFor(MixinPreProcessorStandard.java:277) ~[sponge-mixin-0.15.0+mixin.0.8.7.jar:0.15.0+mixin.0.8.7]
	at org.spongepowered.asm.mixin.transformer.MixinInfo.createContextFor(MixinInfo.java:1288) ~[sponge-mixin-0.15.0+mixin.0.8.7.jar:0.15.0+mixin.0.8.7]
	at org.spongepowered.asm.mixin.transformer.MixinApplicatorStandard.apply(MixinApplicatorStandard.java:203) ~[sponge-mixin-0.15.0+mixin.0.8.7.jar:0.15.0+mixin.0.8.7]
	at org.spongepowered.asm.mixin.transformer.TargetClassContext.apply(TargetClassContext.java:437) ~[sponge-mixin-0.15.0+mixin.0.8.7.jar:0.15.0+mixin.0.8.7]
	at org.spongepowered.asm.mixin.transformer.TargetClassContext.applyMixins(TargetClassContext.java:418) ~[sponge-mixin-0.15.0+mixin.0.8.7.jar:0.15.0+mixin.0.8.7]
	at org.spongepowered.asm.mixin.transformer.MixinProcessor.applyMixins(MixinProcessor.java:363) ~[sponge-mixin-0.15.0+mixin.0.8.7.jar:0.15.0+mixin.0.8.7]
	at org.spongepowered.asm.mixin.transformer.MixinTransformer.transformClass(MixinTransformer.java:234) ~[sponge-mixin-0.15.0+mixin.0.8.7.jar:0.15.0+mixin.0.8.7]
	at org.spongepowered.asm.mixin.transformer.MixinTransformer.transformClassBytes(MixinTransformer.java:202) ~[sponge-mixin-0.15.0+mixin.0.8.7.jar:0.15.0+mixin.0.8.7]
	at net.fabricmc.loader.impl.launch.knot.KnotClassDelegate.getPostMixinClassByteArray(KnotClassDelegate.java:422) ~[fabric-loader-0.16.0.jar:?]
	... 8 more
Caused by: java.lang.RuntimeException: java.lang.ClassNotFoundException: java.lang.System
	at org.spongepowered.asm.mixin.transformer.MixinPreProcessorStandard.transformMemberReference(MixinPreProcessorStandard.java:791) ~[sponge-mixin-0.15.0+mixin.0.8.7.jar:0.15.0+mixin.0.8.7]
	at org.spongepowered.asm.mixin.transformer.MixinPreProcessorStandard.transformMethod(MixinPreProcessorStandard.java:777) ~[sponge-mixin-0.15.0+mixin.0.8.7.jar:0.15.0+mixin.0.8.7]
	at org.spongepowered.asm.mixin.transformer.MixinPreProcessorStandard.transform(MixinPreProcessorStandard.java:743) ~[sponge-mixin-0.15.0+mixin.0.8.7.jar:0.15.0+mixin.0.8.7]
	at org.spongepowered.asm.mixin.transformer.MixinPreProcessorStandard.attach(MixinPreProcessorStandard.java:307) ~[sponge-mixin-0.15.0+mixin.0.8.7.jar:0.15.0+mixin.0.8.7]
	at org.spongepowered.asm.mixin.transformer.MixinPreProcessorStandard.createContextFor(MixinPreProcessorStandard.java:277) ~[sponge-mixin-0.15.0+mixin.0.8.7.jar:0.15.0+mixin.0.8.7]
	at org.spongepowered.asm.mixin.transformer.MixinInfo.createContextFor(MixinInfo.java:1288) ~[sponge-mixin-0.15.0+mixin.0.8.7.jar:0.15.0+mixin.0.8.7]
	at org.spongepowered.asm.mixin.transformer.MixinApplicatorStandard.apply(MixinApplicatorStandard.java:203) ~[sponge-mixin-0.15.0+mixin.0.8.7.jar:0.15.0+mixin.0.8.7]
	at org.spongepowered.asm.mixin.transformer.TargetClassContext.apply(TargetClassContext.java:437) ~[sponge-mixin-0.15.0+mixin.0.8.7.jar:0.15.0+mixin.0.8.7]
	at org.spongepowered.asm.mixin.transformer.TargetClassContext.applyMixins(TargetClassContext.java:418) ~[sponge-mixin-0.15.0+mixin.0.8.7.jar:0.15.0+mixin.0.8.7]
	at org.spongepowered.asm.mixin.transformer.MixinProcessor.applyMixins(MixinProcessor.java:363) ~[sponge-mixin-0.15.0+mixin.0.8.7.jar:0.15.0+mixin.0.8.7]
	at org.spongepowered.asm.mixin.transformer.MixinTransformer.transformClass(MixinTransformer.java:234) ~[sponge-mixin-0.15.0+mixin.0.8.7.jar:0.15.0+mixin.0.8.7]
	at org.spongepowered.asm.mixin.transformer.MixinTransformer.transformClassBytes(MixinTransformer.java:202) ~[sponge-mixin-0.15.0+mixin.0.8.7.jar:0.15.0+mixin.0.8.7]
	at net.fabricmc.loader.impl.launch.knot.KnotClassDelegate.getPostMixinClassByteArray(KnotClassDelegate.java:422) ~[fabric-loader-0.16.0.jar:?]
	... 8 more
Caused by: java.lang.ClassNotFoundException: java.lang.System
	at org.spongepowered.asm.mixin.transformer.MixinPreProcessorStandard.transformMemberReference(MixinPreProcessorStandard.java:791) ~[sponge-mixin-0.15.0+mixin.0.8.7.jar:0.15.0+mixin.0.8.7]
	at org.spongepowered.asm.mixin.transformer.MixinPreProcessorStandard.transformMethod(MixinPreProcessorStandard.java:777) ~[sponge-mixin-0.15.0+mixin.0.8.7.jar:0.15.0+mixin.0.8.7]
	at org.spongepowered.asm.mixin.transformer.MixinPreProcessorStandard.transform(MixinPreProcessorStandard.java:743) ~[sponge-mixin-0.15.0+mixin.0.8.7.jar:0.15.0+mixin.0.8.7]
	at org.spongepowered.asm.mixin.transformer.MixinPreProcessorStandard.attach(MixinPreProcessorStandard.java:307) ~[sponge-mixin-0.15.0+mixin.0.8.7.jar:0.15.0+mixin.0.8.7]
	at org.spongepowered.asm.mixin.transformer.MixinPreProcessorStandard.createContextFor(MixinPreProcessorStandard.java:277) ~[sponge-mixin-0.15.0+mixin.0.8.7.jar:0.15.0+mixin.0.8.7]
	at org.spongepowered.asm.mixin.transformer.MixinInfo.createContextFor(MixinInfo.java:1288) ~[sponge-mixin-0.15.0+mixin.0.8.7.jar:0.15.0+mixin.0.8.7]
	at org.spongepowered.asm.mixin.transformer.MixinApplicatorStandard.apply(MixinApplicatorStandard.java:203) ~[sponge-mixin-0.15.0+mixin.0.8.7.jar:0.15.0+mixin.0.8.7]
	at org.spongepowered.asm.mixin.transformer.TargetClassContext.apply(TargetClassContext.java:437) ~[sponge-mixin-0.15.0+mixin.0.8.7.jar:0.15.0+mixin.0.8.7]
	at org.spongepowered.asm.mixin.transformer.TargetClassContext.applyMixins(TargetClassContext.java:418) ~[sponge-mixin-0.15.0+mixin.0.8.7.jar:0.15.0+mixin.0.8.7]
	at org.spongepowered.asm.mixin.transformer.MixinProcessor.applyMixins(MixinProcessor.java:363) ~[sponge-mixin-0.15.0+mixin.0.8.7.jar:0.15.0+mixin.0.8.7]
	at org.spongepowered.asm.mixin.transformer.MixinTransformer.transformClass(MixinTransformer.java:234) ~[sponge-mixin-0.15.0+mixin.0.8.7.jar:0.15.0+mixin.0.8.7]
	at org.spongepowered.asm.mixin.transformer.MixinTransformer.transformClassBytes(MixinTransformer.java:202) ~[sponge-mixin-0.15.0+mixin.0.8.7.jar:0.15.0+mixin.0.8.7]
	at net.fabricmc.loader.impl.launch.knot.KnotClassDelegate.getPostMixinClassByteArray(KnotClassDelegate.java:422) ~[fabric-loader-0.16.0.jar:?]
	... 8 more

> Task :runClient FAILED

[Incubating] Problems report is available at: file:///C:/Users/kanax/OneDrive/Desktop/Shoreline/build/reports/problems/problems-report.html

FAILURE: Build failed with an exception.

* What went wrong:
Execution failed for task ':runClient'.
> Process 'command 'C:\Users\kanax\.jdks\temurin-24.0.2\bin\java.exe'' finished with non-zero exit value 1

* Try:
> Run with --stacktrace option to get the stack trace.
> Run with --info or --debug option to get more log output.
> Run with --scan to get full insights.
> Get more help at https://help.gradle.org.

Deprecated Gradle features were used in this build, making it incompatible with Gradle 9.0.

You can use '--warning-mode all' to show the individual deprecation warnings and determine if they come from your own scripts or plugins.

For more on this, please refer to https://docs.gradle.org/8.14/userguide/command_line_interface.html#sec:command_line_warnings in the Gradle documentation.
8 actionable tasks: 8 executed

BUILD FAILED in 2m 13s
