To honour the JVM settings for this build a single-use Daemon process will be forked. For more on this, please refer to https://docs.gradle.org/8.14/userguide/gradle_daemon.html#sec:disabling_the_daemon in the Gradle documentation.
Daemon will be stopped at the end of the build 

> Configure project :
Fabric Loom: 1.13.3
Project directory 'C:\Users\kanax\OneDrive\Desktop\Shoreline' is located in OneDrive. This is known to cause issues and slower performance. Consider moving the project to a different location.
fatal: not a git repository (or any of the parent directories): .git

> Task :generateBuildConfig
> Task :compileJava
Note: Some input files use or override a deprecated API.
Note: Recompile with -Xlint:deprecation for details.
Note: Some input files use unchecked or unsafe operations.
Note: Recompile with -Xlint:unchecked for details.

> Task :processResources UP-TO-DATE
> Task :classes
> Task :generateLog4jConfig
> Task :generateRemapClasspath
> Task :generateDLIConfig
> Task :configureLaunch
> Task :downloadAssets
> Task :configureClientLaunch

> Task :runClient
[34m[16:11:47][m [32m[main/INFO][m [36m(FabricLoader/GameProvider)[m [0mLoading Minecraft 1.21.1 with Fabric Loader 0.16.0
[m[34m[16:11:48][m [32m[main/INFO][m [36m(FabricLoader)[m [0mLoading 55 mods:
	- fabric-api 0.102.1+1.21.1
	- fabric-api-base 0.4.42+6573ed8c6a
	- fabric-api-lookup-api-v1 1.6.68+b55973446a
	- fabric-biome-api-v1 13.0.29+5bd9f1bc6a
	- fabric-block-api-v1 1.0.22+0af3f5a76a
	- fabric-block-view-api-v2 1.0.10+6573ed8c6a
	- fabric-blockrenderlayer-v1 1.1.52+0af3f5a76a
	- fabric-client-tags-api-v1 1.1.15+6573ed8c6a
	- fabric-command-api-v1 1.2.49+f71b366f6a
	- fabric-command-api-v2 2.2.28+6ced4dd96a
	- fabric-commands-v0 0.2.66+df3654b36a
	- fabric-content-registries-v0 8.0.16+b55973446a
	- fabric-convention-tags-v1 2.0.20+7f945d5b6a
	- fabric-convention-tags-v2 2.6.0+605f22ad6a
	- fabric-crash-report-info-v1 0.2.29+0af3f5a76a
	- fabric-data-attachment-api-v1 1.1.27+1daea2156a
	- fabric-data-generation-api-v1 20.2.17+16c4ae256a
	- fabric-dimensions-v1 4.0.0+6fc22b996a
	- fabric-entity-events-v1 1.6.12+6fc22b996a
	- fabric-events-interaction-v0 0.7.12+ba9dae066a
	- fabric-game-rule-api-v1 1.0.53+6ced4dd96a
	- fabric-gametest-api-v1 2.0.4+6fc22b996a
	- fabric-item-api-v1 11.0.0+afdfc9216a
	- fabric-item-group-api-v1 4.1.4+780172706a
	- fabric-key-binding-api-v1 1.0.47+0af3f5a76a
	- fabric-keybindings-v0 0.2.45+df3654b36a
	- fabric-lifecycle-events-v1 2.3.12+6c1df3606a
	- fabric-loot-api-v2 3.0.14+3f89f5a56a
	- fabric-loot-api-v3 1.0.2+3f89f5a56a
	- fabric-message-api-v1 6.0.13+6573ed8c6a
	- fabric-model-loading-api-v1 2.0.0+fe474d6b6a
	- fabric-networking-api-v1 4.2.2+60c3209b6a
	- fabric-object-builder-api-v1 15.2.0+40875a936a
	- fabric-particles-v1 4.0.2+6573ed8c6a
	- fabric-recipe-api-v1 5.0.12+650897126a
	- fabric-registry-sync-v0 5.1.2+60c3209b6a
	- fabric-renderer-api-v1 3.4.0+c705a49c6a
	- fabric-renderer-indigo 1.7.0+c705a49c6a
	- fabric-renderer-registries-v1 3.2.68+df3654b36a
	- fabric-rendering-data-attachment-v1 0.3.48+73761d2e6a
	- fabric-rendering-fluids-v1 3.1.6+1daea2156a
	- fabric-rendering-v0 1.1.71+df3654b36a
	- fabric-rendering-v1 5.0.5+df16efd06a
	- fabric-resource-conditions-api-v1 4.3.0+8dc279b16a
	- fabric-resource-loader-v0 1.3.0+565991296a
	- fabric-screen-api-v1 2.0.25+8b68f1c76a
	- fabric-screen-handler-api-v1 1.3.86+b55973446a
	- fabric-sound-api-v1 1.0.23+6573ed8c6a
	- fabric-transfer-api-v1 5.1.17+1db1cc1f6a
	- fabric-transitive-access-wideners-v1 6.1.0+1daea2156a
	- fabricloader 0.16.0
	- java 21
	- minecraft 1.21.1
	- mixinextras 0.5.4
	- shoreline 1.0
[m[34m[16:11:49][m [32m[main/INFO][m [36m(FabricLoader/Mixin)[m [0mSpongePowered MIXIN Subsystem Version=0.8.7 Source=file:/C:/Users/kanax/.gradle/caches/modules-2/files-2.1/net.fabricmc/sponge-mixin/0.15.0+mixin.0.8.7/2ce1c5d57a061f3e259ec30b8b0cb2dc889c5156/sponge-mixin-0.15.0+mixin.0.8.7.jar Service=Knot/Fabric Env=CLIENT
[m[34m[16:11:49][m [32m[main/INFO][m [36m(FabricLoader/Mixin)[m [0mLoaded Fabric development mappings for mixin remapper!
[m[34m[16:11:49][m [32m[main/INFO][m [36m(FabricLoader/Mixin)[m [0mCompatibility level set to JAVA_17
[m[34m[16:11:49][m [32m[main/INFO][m [36m(FabricLoader/Mixin)[m [0mCompatibility level set to JAVA_21
[m[34m[16:11:51][m [32m[main/INFO][m [36m(FabricLoader/MixinExtras|Service)[m [0mInitializing MixinExtras via com.llamalad7.mixinextras.service.MixinExtrasServiceImpl(version=0.5.4).
[m[34m[16:12:00][m [32m[Datafixer Bootstrap/INFO][m [36m(Minecraft)[m [0m226 Datafixer optimizations took 1134 milliseconds
[m[34m[16:12:21][m [32m[Render thread/INFO][m [36m(Minecraft)[m [0mEnvironment: Environment[sessionHost=https://sessionserver.mojang.com, servicesHost=https://api.minecraftservices.com, name=PROD]
[m[34m[16:12:21][m [32m[Render thread/INFO][m [36m(Minecraft)[m [0mSetting user: Player818
[m[34m[16:12:22][m [32m[Render thread/INFO][m [36m(Indigo)[m [0m[Indigo] Registering Indigo renderer!
[m[34m[16:12:23][m [32m[Render thread/INFO][m [36m(Shoreline)[m [0m[Shoreline] This build of Shoreline is on Git hash 'null' and was compiled on '05/11/2026 16:10'
[m[34m[16:12:23][m [32m[Render thread/INFO][m [36m(Shoreline)[m [0m[Shoreline] Starting preInit ...
[m[34m[16:12:23][m [32m[Render thread/INFO][m [36m(Shoreline)[m [0m[Shoreline] Starting init ...
[m[34m[16:12:24][m [32m[Render thread/INFO][m [36m(Shoreline)[m [0m[Shoreline] Registered 155 modules!
[m[34m[16:12:24][m [32m[Render thread/INFO][m [36m(Shoreline)[m [0m[Shoreline] Registered 191 commands!
[m[34m[16:12:24][m [32m[Render thread/INFO][m [36m(Shoreline)[m [0m[Shoreline] Starting postInit ...
[m[34m[16:12:24][m [32m[Render thread/INFO][m [36m(Minecraft)[m [0m[STDOUT]: Normal account file
[m[34m[16:12:26][m [32m[Render thread/INFO][m [36m(Minecraft)[m [0mBackend library: LWJGL version 3.3.3-snapshot
[m[34m[16:12:30][m [32m[Render thread/INFO][m [36m(Minecraft)[m [0mReloading ResourceManager: vanilla, fabric, fabric-api, fabric-api-base, fabric-api-lookup-api-v1, fabric-biome-api-v1, fabric-block-api-v1, fabric-block-view-api-v2, fabric-blockrenderlayer-v1, fabric-client-tags-api-v1, fabric-command-api-v1, fabric-command-api-v2, fabric-commands-v0, fabric-content-registries-v0, fabric-convention-tags-v1, fabric-convention-tags-v2, fabric-crash-report-info-v1, fabric-data-attachment-api-v1, fabric-data-generation-api-v1, fabric-dimensions-v1, fabric-entity-events-v1, fabric-events-interaction-v0, fabric-game-rule-api-v1, fabric-gametest-api-v1, fabric-item-api-v1, fabric-item-group-api-v1, fabric-key-binding-api-v1, fabric-keybindings-v0, fabric-lifecycle-events-v1, fabric-loot-api-v2, fabric-loot-api-v3, fabric-message-api-v1, fabric-model-loading-api-v1, fabric-networking-api-v1, fabric-object-builder-api-v1, fabric-particles-v1, fabric-recipe-api-v1, fabric-registry-sync-v0, fabric-renderer-api-v1, fabric-renderer-indigo, fabric-renderer-registries-v1, fabric-rendering-data-attachment-v1, fabric-rendering-fluids-v1, fabric-rendering-v0, fabric-rendering-v1, fabric-resource-conditions-api-v1, fabric-resource-loader-v0, fabric-screen-api-v1, fabric-screen-handler-api-v1, fabric-sound-api-v1, fabric-transfer-api-v1, fabric-transitive-access-wideners-v1, fabricloader, shoreline
[m[34m[16:12:30][m [32m[Worker-Main-3/INFO][m [36m(Minecraft)[m [0mFound unifont_all_no_pua-15.1.05.hex, loading
[m[34m[16:12:31][m [32m[Worker-Main-2/INFO][m [36m(Minecraft)[m [0mFound unifont_jp_patch-15.1.05.hex, loading
[m[34m[16:12:32][m [33m[Render thread/WARN][m [36m(Minecraft)[m [0mMissing sound for event: minecraft:item.goat_horn.play
[m[34m[16:12:32][m [33m[Render thread/WARN][m [36m(Minecraft)[m [0mMissing sound for event: minecraft:entity.goat.screaming.horn_break
[m[34m[16:12:32][m [32m[Render thread/INFO][m [36m(Minecraft)[m [0mOpenAL initialized on device OpenAL Soft on Headphones (JBL TUNE670NC)
[m[34m[16:12:32][m [32m[Render thread/INFO][m [36m(Minecraft)[m [0mSound engine started
[m[34m[16:12:33][m [32m[Render thread/INFO][m [36m(Minecraft)[m [0mCreated: 1024x512x4 minecraft:textures/atlas/blocks.png-atlas
[m[34m[16:12:33][m [32m[Render thread/INFO][m [36m(Minecraft)[m [0mCreated: 256x256x4 minecraft:textures/atlas/signs.png-atlas
[m[34m[16:12:33][m [32m[Render thread/INFO][m [36m(Minecraft)[m [0mCreated: 512x512x4 minecraft:textures/atlas/banner_patterns.png-atlas
[m[34m[16:12:33][m [32m[Render thread/INFO][m [36m(Minecraft)[m [0mCreated: 512x512x4 minecraft:textures/atlas/shield_patterns.png-atlas
[m[34m[16:12:33][m [32m[Render thread/INFO][m [36m(Minecraft)[m [0mCreated: 1024x1024x4 minecraft:textures/atlas/armor_trims.png-atlas
[m[34m[16:12:33][m [32m[Render thread/INFO][m [36m(Minecraft)[m [0mCreated: 256x256x4 minecraft:textures/atlas/chest.png-atlas
[m[34m[16:12:33][m [32m[Render thread/INFO][m [36m(Minecraft)[m [0mCreated: 128x64x4 minecraft:textures/atlas/decorated_pot.png-atlas
[m[34m[16:12:33][m [32m[Render thread/INFO][m [36m(Minecraft)[m [0mCreated: 512x256x4 minecraft:textures/atlas/beds.png-atlas
[m[34m[16:12:33][m [32m[Render thread/INFO][m [36m(Minecraft)[m [0mCreated: 512x256x4 minecraft:textures/atlas/shulker_boxes.png-atlas
[m[34m[16:12:33][m [32m[Render thread/INFO][m [36m(Minecraft)[m [0mCreated: 512x256x0 minecraft:textures/atlas/particles.png-atlas
[m[34m[16:12:33][m [32m[Render thread/INFO][m [36m(Minecraft)[m [0mCreated: 512x256x0 minecraft:textures/atlas/paintings.png-atlas
[m[34m[16:12:34][m [32m[Render thread/INFO][m [36m(Minecraft)[m [0mCreated: 256x128x0 minecraft:textures/atlas/mob_effects.png-atlas
[m[34m[16:12:34][m [32m[Render thread/INFO][m [36m(Minecraft)[m [0mCreated: 64x64x0 minecraft:textures/atlas/map_decorations.png-atlas
[m[34m[16:12:34][m [32m[Render thread/INFO][m [36m(Minecraft)[m [0mCreated: 1024x512x0 minecraft:textures/atlas/gui.png-atlas
[m[34m[16:12:34][m [33m[Render thread/WARN][m [36m(Minecraft)[m [0mShader rendertype_entity_translucent_emissive could not find sampler named Sampler2 in the specified shader program.
[m[34m[16:12:35][m [32m[Render thread/INFO][m [36m(Shoreline)[m [0m[Shoreline] Loaded fonts!
[m[34m[16:13:01][m [32m[Render thread/INFO][m [36m(Minecraft)[m [0mStopping!
[m[34m[16:13:01][m [32m[Shoreline-ShutdownHook/INFO][m [36m(Shoreline)[m [0m[Shoreline] Saving configurations and shutting down!
[m
[Incubating] Problems report is available at: file:///C:/Users/kanax/OneDrive/Desktop/Shoreline/build/reports/problems/problems-report.html

Deprecated Gradle features were used in this build, making it incompatible with Gradle 9.0.

You can use '--warning-mode all' to show the individual deprecation warnings and determine if they come from your own scripts or plugins.

For more on this, please refer to https://docs.gradle.org/8.14/userguide/command_line_interface.html#sec:command_line_warnings in the Gradle documentation.

BUILD SUCCESSFUL in 2m 31s
8 actionable tasks: 7 executed, 1 up-to-date
